d:\workstation\gitrepositories\cppstudy\release\chap_designpattern.lib
d:\workstation\gitrepositories\cppstudy\release\chap_designpattern.exp
d:\workstation\gitrepositories\cppstudy\chap_designpattern\release\vc140.pdb
d:\workstation\gitrepositories\cppstudy\chap_designpattern\release\dllmain.obj
d:\workstation\gitrepositories\cppstudy\chap_designpattern\release\designpattern_策略模式.obj
d:\workstation\gitrepositories\cppstudy\chap_designpattern\release\designpattern_单例模式.obj
d:\workstation\gitrepositories\cppstudy\chap_designpattern\release\chap_designpattern.obj
d:\workstation\gitrepositories\cppstudy\chap_designpattern\release\designpattern_工厂模式.obj
d:\workstation\gitrepositories\cppstudy\chap_designpattern\release\designpattern_代理模式.obj
d:\workstation\gitrepositories\cppstudy\release\chap_designpattern.dll
d:\workstation\gitrepositories\cppstudy\release\chap_designpattern.ipdb
d:\workstation\gitrepositories\cppstudy\release\chap_designpattern.iobj
d:\workstation\gitrepositories\cppstudy\release\chap_designpattern.pdb
d:\workstation\gitrepositories\cppstudy\chap_designpattern\release\chap_des.50ab6aa2.tlog\chap_designpattern.write.1u.tlog
d:\workstation\gitrepositories\cppstudy\chap_designpattern\release\chap_des.50ab6aa2.tlog\cl.command.1.tlog
d:\workstation\gitrepositories\cppstudy\chap_designpattern\release\chap_des.50ab6aa2.tlog\cl.read.1.tlog
d:\workstation\gitrepositories\cppstudy\chap_designpattern\release\chap_des.50ab6aa2.tlog\cl.write.1.tlog
d:\workstation\gitrepositories\cppstudy\chap_designpattern\release\chap_des.50ab6aa2.tlog\link.command.1.tlog
d:\workstation\gitrepositories\cppstudy\chap_designpattern\release\chap_des.50ab6aa2.tlog\link.read.1.tlog
d:\workstation\gitrepositories\cppstudy\chap_designpattern\release\chap_des.50ab6aa2.tlog\link.write.1.tlog
