d:\workstation\gitrepositories\cppstudy\release\chap_syntax.lib
d:\workstation\gitrepositories\cppstudy\release\chap_syntax.exp
d:\workstation\gitrepositories\cppstudy\chap_syntax\release\vc140.pdb
d:\workstation\gitrepositories\cppstudy\chap_syntax\release\syntax_重载运算符.obj
d:\workstation\gitrepositories\cppstudy\chap_syntax\release\syntax_表达式.obj
d:\workstation\gitrepositories\cppstudy\chap_syntax\release\syntax_类型转换.obj
d:\workstation\gitrepositories\cppstudy\chap_syntax\release\syntax_声明、定义、初始化.obj
d:\workstation\gitrepositories\cppstudy\chap_syntax\release\syntax_基本语句、新增语句.obj
d:\workstation\gitrepositories\cppstudy\chap_syntax\release\syntax_几个特殊运算符.obj
d:\workstation\gitrepositories\cppstudy\chap_syntax\release\syntax_关键字.obj
d:\workstation\gitrepositories\cppstudy\chap_syntax\release\chap_syntax.obj
d:\workstation\gitrepositories\cppstudy\chap_syntax\release\dllmain.obj
d:\workstation\gitrepositories\cppstudy\chap_syntax\release\syntax_内存管理.obj
d:\workstation\gitrepositories\cppstudy\chap_syntax\release\syntax_预处理指令.obj
d:\workstation\gitrepositories\cppstudy\release\chap_syntax.dll
d:\workstation\gitrepositories\cppstudy\release\chap_syntax.ipdb
d:\workstation\gitrepositories\cppstudy\release\chap_syntax.iobj
d:\workstation\gitrepositories\cppstudy\release\chap_syntax.pdb
d:\workstation\gitrepositories\cppstudy\chap_syntax\release\chap_syntax.tlog\chap_syntax.write.1u.tlog
d:\workstation\gitrepositories\cppstudy\chap_syntax\release\chap_syntax.tlog\cl.command.1.tlog
d:\workstation\gitrepositories\cppstudy\chap_syntax\release\chap_syntax.tlog\cl.read.1.tlog
d:\workstation\gitrepositories\cppstudy\chap_syntax\release\chap_syntax.tlog\cl.write.1.tlog
d:\workstation\gitrepositories\cppstudy\chap_syntax\release\chap_syntax.tlog\link.command.1.tlog
d:\workstation\gitrepositories\cppstudy\chap_syntax\release\chap_syntax.tlog\link.read.1.tlog
d:\workstation\gitrepositories\cppstudy\chap_syntax\release\chap_syntax.tlog\link.write.1.tlog
