d:\workstation\gitrepositories\cppstudy\release\chap_basictypes.lib
d:\workstation\gitrepositories\cppstudy\release\chap_basictypes.exp
d:\workstation\gitrepositories\cppstudy\chap_basictypes\release\vc140.pdb
d:\workstation\gitrepositories\cppstudy\chap_basictypes\release\dllmain.obj
d:\workstation\gitrepositories\cppstudy\chap_basictypes\release\chap_basictypes.obj
d:\workstation\gitrepositories\cppstudy\chap_basictypes\release\basictypes_枚举、共用体、结构体.obj
d:\workstation\gitrepositories\cppstudy\chap_basictypes\release\basictypes_数组.obj
d:\workstation\gitrepositories\cppstudy\chap_basictypes\release\basictypes_指针、智能指针、内存泄漏.obj
d:\workstation\gitrepositories\cppstudy\chap_basictypes\release\basictypes_引用.obj
d:\workstation\gitrepositories\cppstudy\chap_basictypes\release\basictypes_对、元祖.obj
d:\workstation\gitrepositories\cppstudy\chap_basictypes\release\basictypes_内置类型.obj
d:\workstation\gitrepositories\cppstudy\chap_basictypes\release\basictypes_c风格字符串、string、wstring.obj
d:\workstation\gitrepositories\cppstudy\release\chap_basictypes.dll
d:\workstation\gitrepositories\cppstudy\release\chap_basictypes.ipdb
d:\workstation\gitrepositories\cppstudy\release\chap_basictypes.iobj
d:\workstation\gitrepositories\cppstudy\release\chap_basictypes.pdb
d:\workstation\gitrepositories\cppstudy\chap_basictypes\release\chap_basictypes.tlog\chap_basictypes.write.1u.tlog
d:\workstation\gitrepositories\cppstudy\chap_basictypes\release\chap_basictypes.tlog\cl.command.1.tlog
d:\workstation\gitrepositories\cppstudy\chap_basictypes\release\chap_basictypes.tlog\cl.read.1.tlog
d:\workstation\gitrepositories\cppstudy\chap_basictypes\release\chap_basictypes.tlog\cl.write.1.tlog
d:\workstation\gitrepositories\cppstudy\chap_basictypes\release\chap_basictypes.tlog\link.command.1.tlog
d:\workstation\gitrepositories\cppstudy\chap_basictypes\release\chap_basictypes.tlog\link.read.1.tlog
d:\workstation\gitrepositories\cppstudy\chap_basictypes\release\chap_basictypes.tlog\link.write.1.tlog
