d:\workstation\gitrepositories\cppstudy\release\chap_dsa.lib
d:\workstation\gitrepositories\cppstudy\release\chap_dsa.exp
d:\workstation\gitrepositories\cppstudy\chap_dsa\release\vc140.pdb
d:\workstation\gitrepositories\cppstudy\chap_dsa\release\dsa_顺序表.obj
d:\workstation\gitrepositories\cppstudy\chap_dsa\release\dsa_链表.obj
d:\workstation\gitrepositories\cppstudy\chap_dsa\release\dsa_图.obj
d:\workstation\gitrepositories\cppstudy\chap_dsa\release\dsa_哈希表.obj
d:\workstation\gitrepositories\cppstudy\chap_dsa\release\dsa_二叉树.obj
d:\workstation\gitrepositories\cppstudy\chap_dsa\release\dllmain.obj
d:\workstation\gitrepositories\cppstudy\chap_dsa\release\chap_dsa.obj
d:\workstation\gitrepositories\cppstudy\release\chap_dsa.dll
d:\workstation\gitrepositories\cppstudy\release\chap_dsa.ipdb
d:\workstation\gitrepositories\cppstudy\release\chap_dsa.iobj
d:\workstation\gitrepositories\cppstudy\release\chap_dsa.pdb
d:\workstation\gitrepositories\cppstudy\chap_dsa\release\chap_dsa.tlog\chap_dsa.write.1u.tlog
d:\workstation\gitrepositories\cppstudy\chap_dsa\release\chap_dsa.tlog\cl.command.1.tlog
d:\workstation\gitrepositories\cppstudy\chap_dsa\release\chap_dsa.tlog\cl.read.1.tlog
d:\workstation\gitrepositories\cppstudy\chap_dsa\release\chap_dsa.tlog\cl.write.1.tlog
d:\workstation\gitrepositories\cppstudy\chap_dsa\release\chap_dsa.tlog\link.command.1.tlog
d:\workstation\gitrepositories\cppstudy\chap_dsa\release\chap_dsa.tlog\link.read.1.tlog
d:\workstation\gitrepositories\cppstudy\chap_dsa\release\chap_dsa.tlog\link.write.1.tlog
