d:\workstation\gitrepositories\cppstudy\release\chap_stl.lib
d:\workstation\gitrepositories\cppstudy\release\chap_stl.exp
d:\workstation\gitrepositories\cppstudy\chap_stl\release\vc140.pdb
d:\workstation\gitrepositories\cppstudy\chap_stl\release\stl_算法库.obj
d:\workstation\gitrepositories\cppstudy\chap_stl\release\stl_容器适配器.obj
d:\workstation\gitrepositories\cppstudy\chap_stl\release\stl_set键集合.obj
d:\workstation\gitrepositories\cppstudy\chap_stl\release\stl_map键值对集合.obj
d:\workstation\gitrepositories\cppstudy\chap_stl\release\stl_iterator迭代器.obj
d:\workstation\gitrepositories\cppstudy\chap_stl\release\chap_stl.obj
d:\workstation\gitrepositories\cppstudy\chap_stl\release\stl_线性容器.obj
d:\workstation\gitrepositories\cppstudy\chap_stl\release\dllmain.obj
d:\workstation\gitrepositories\cppstudy\release\chap_stl.dll
d:\workstation\gitrepositories\cppstudy\release\chap_stl.ipdb
d:\workstation\gitrepositories\cppstudy\release\chap_stl.iobj
d:\workstation\gitrepositories\cppstudy\release\chap_stl.pdb
d:\workstation\gitrepositories\cppstudy\chap_stl\release\chap_stl.tlog\chap_stl.write.1u.tlog
d:\workstation\gitrepositories\cppstudy\chap_stl\release\chap_stl.tlog\cl.command.1.tlog
d:\workstation\gitrepositories\cppstudy\chap_stl\release\chap_stl.tlog\cl.read.1.tlog
d:\workstation\gitrepositories\cppstudy\chap_stl\release\chap_stl.tlog\cl.write.1.tlog
d:\workstation\gitrepositories\cppstudy\chap_stl\release\chap_stl.tlog\link.command.1.tlog
d:\workstation\gitrepositories\cppstudy\chap_stl\release\chap_stl.tlog\link.read.1.tlog
d:\workstation\gitrepositories\cppstudy\chap_stl\release\chap_stl.tlog\link.write.1.tlog
