d:\workstation\gitrepositories\cppstudy\cppstudy\release\vc140.pdb
d:\workstation\gitrepositories\cppstudy\cppstudy\release\function_基本知识.obj
d:\workstation\gitrepositories\cppstudy\cppstudy\release\function_可变参数函数.obj
d:\workstation\gitrepositories\cppstudy\cppstudy\release\function_函数模板.obj
d:\workstation\gitrepositories\cppstudy\cppstudy\release\function_内联函数.obj
d:\workstation\gitrepositories\cppstudy\cppstudy\release\exception_标准异常.obj
d:\workstation\gitrepositories\cppstudy\cppstudy\release\exception_基本异常处理.obj
d:\workstation\gitrepositories\cppstudy\cppstudy\release\example.obj
d:\workstation\gitrepositories\cppstudy\cppstudy\release\dsa_图.obj
d:\workstation\gitrepositories\cppstudy\cppstudy\release\designpattern_策略模式.obj
d:\workstation\gitrepositories\cppstudy\cppstudy\release\designpattern_工厂模式.obj
d:\workstation\gitrepositories\cppstudy\cppstudy\release\designpattern_单例模式.obj
d:\workstation\gitrepositories\cppstudy\cppstudy\release\designpattern_代理模式.obj
d:\workstation\gitrepositories\cppstudy\cppstudy\release\datatype_枚举、共用体、结构体.obj
d:\workstation\gitrepositories\cppstudy\cppstudy\release\datatype_数组.obj
d:\workstation\gitrepositories\cppstudy\cppstudy\release\datatype_指针、智能指针、内存泄漏问题.obj
d:\workstation\gitrepositories\cppstudy\cppstudy\release\datatype_引用.obj
d:\workstation\gitrepositories\cppstudy\cppstudy\release\datatype_对、元祖.obj
d:\workstation\gitrepositories\cppstudy\cppstudy\release\datatype_函数指针.obj
d:\workstation\gitrepositories\cppstudy\cppstudy\release\datatype_内置类型.obj
d:\workstation\gitrepositories\cppstudy\cppstudy\release\datatype_c风格字符串、string.obj
d:\workstation\gitrepositories\cppstudy\cppstudy\release\stl_算法库.obj
d:\workstation\gitrepositories\cppstudy\cppstudy\release\stl_容器适配器.obj
d:\workstation\gitrepositories\cppstudy\cppstudy\release\stl_set键集合.obj
d:\workstation\gitrepositories\cppstudy\cppstudy\release\stl_map键值对集合.obj
d:\workstation\gitrepositories\cppstudy\cppstudy\release\stl_list双向链表.obj
d:\workstation\gitrepositories\cppstudy\cppstudy\release\stl_iterator迭代器.obj
d:\workstation\gitrepositories\cppstudy\cppstudy\release\stdlib_线程支持库.obj
d:\workstation\gitrepositories\cppstudy\cppstudy\release\stdlib_类型支持库.obj
d:\workstation\gitrepositories\cppstudy\cppstudy\release\stdlib_正则表达式.obj
d:\workstation\gitrepositories\cppstudy\cppstudy\release\stdlib_数值库.obj
d:\workstation\gitrepositories\cppstudy\cppstudy\release\stdlib_工具库.obj
d:\workstation\gitrepositories\cppstudy\cppstudy\release\stdlib_io库.obj
d:\workstation\gitrepositories\cppstudy\cppstudy\release\set_funcs.obj
d:\workstation\gitrepositories\cppstudy\cppstudy\release\practice_面试题.obj
d:\workstation\gitrepositories\cppstudy\cppstudy\release\practice.obj
d:\workstation\gitrepositories\cppstudy\cppstudy\release\oop_类模板.obj
d:\workstation\gitrepositories\cppstudy\cppstudy\release\oop_类、对象.obj
d:\workstation\gitrepositories\cppstudy\cppstudy\release\oop_多态、虚函数、抽象类.obj
d:\workstation\gitrepositories\cppstudy\cppstudy\release\oop_函数对象.obj
d:\workstation\gitrepositories\cppstudy\cppstudy\release\main.obj
d:\workstation\gitrepositories\cppstudy\cppstudy\release\暂时无法分类的笔记.obj
d:\workstation\gitrepositories\cppstudy\cppstudy\release\up_预处理指令.obj
d:\workstation\gitrepositories\cppstudy\cppstudy\release\up_断言.obj
d:\workstation\gitrepositories\cppstudy\cppstudy\release\up_动态库、静态库.obj
d:\workstation\gitrepositories\cppstudy\cppstudy\release\up_内存管理.obj
d:\workstation\gitrepositories\cppstudy\cppstudy\release\syntax_重载运算符.obj
d:\workstation\gitrepositories\cppstudy\cppstudy\release\syntax_表达式.obj
d:\workstation\gitrepositories\cppstudy\cppstudy\release\syntax_类型转换.obj
d:\workstation\gitrepositories\cppstudy\cppstudy\release\syntax_基本语句_新增语句.obj
d:\workstation\gitrepositories\cppstudy\cppstudy\release\syntax_几个特殊运算符.obj
d:\workstation\gitrepositories\cppstudy\cppstudy\release\syntax_关键字.obj
d:\workstation\gitrepositories\cppstudy\cppstudy\release\stl_线性容器.obj
d:\workstation\gitrepositories\cppstudy\cppstudy\release\datatype_c风格字符串、string、wstring.obj
d:\workstation\gitrepositories\cppstudy\cppstudy\release\reader.obj
d:\workstation\gitrepositories\cppstudy\release\cppstudy.exe
d:\workstation\gitrepositories\cppstudy\release\cppstudy.ipdb
d:\workstation\gitrepositories\cppstudy\release\cppstudy.iobj
d:\workstation\gitrepositories\cppstudy\release\cppstudy.pdb
d:\workstation\gitrepositories\cppstudy\cppstudy\release\cppstudy.tlog\cl.command.1.tlog
d:\workstation\gitrepositories\cppstudy\cppstudy\release\cppstudy.tlog\cl.read.1.tlog
d:\workstation\gitrepositories\cppstudy\cppstudy\release\cppstudy.tlog\cl.write.1.tlog
d:\workstation\gitrepositories\cppstudy\cppstudy\release\cppstudy.tlog\link.command.1.tlog
d:\workstation\gitrepositories\cppstudy\cppstudy\release\cppstudy.tlog\link.read.1.tlog
d:\workstation\gitrepositories\cppstudy\cppstudy\release\cppstudy.tlog\link.write.1.tlog
