  dataType_c风格字符串、string.cpp
  dataType_内置类型.cpp
  dataType_函数指针.cpp
  dataType_对、元祖.cpp
  dataType_引用.cpp
  dataType_指针、智能指针、内存泄漏问题.cpp
dataType_指针、智能指针、内存泄漏问题.cpp(287): warning C4101: “i0”: 未引用的局部变量
dataType_指针、智能指针、内存泄漏问题.cpp(343): warning C4305: “初始化”: 从“double”到“float”截断
dataType_指针、智能指针、内存泄漏问题.cpp(346): warning C4305: “初始化”: 从“double”到“float”截断
  dataType_数组.cpp
dataType_数组.cpp(216): warning C4101: “arrf1”: 未引用的局部变量
dataType_数组.cpp(212): warning C4101: “arri1”: 未引用的局部变量
dataType_数组.cpp(217): warning C4101: “arrf2”: 未引用的局部变量
dataType_数组.cpp(244): warning C4101: “arr1”: 未引用的局部变量
dataType_数组.cpp(245): warning C4101: “arr2”: 未引用的局部变量
  dataType_枚举、共用体、结构体.cpp
dataType_枚举、共用体、结构体.cpp(315): warning C4305: “=”: 从“double”到“float”截断
  designPattern_代理模式.cpp
  designPattern_单例模式.cpp
  designPattern_工厂模式.cpp
  designPattern_策略模式.cpp
  DSA_图.cpp
  example.cpp
  exception_基本异常处理.cpp
exception_基本异常处理.cpp(144): warning C4244: “初始化”: 从“double”转换到“float”，可能丢失数据
  exception_标准异常.cpp
  function_内联函数.cpp
  function_函数模板.cpp
function_函数模板.cpp(173): warning C4838: 从“double”转换到“float”需要收缩转换
function_函数模板.cpp(173): warning C4305: “初始化”: 从“double”到“float”截断
  function_可变参数函数.cpp
  function_基本知识.cpp
  正在编译...
  main.cpp
  OOP_函数对象.cpp
  OOP_多态、虚函数、抽象类.cpp
  OOP_类、对象.cpp
  OOP_类模板.cpp
  practice.cpp
  practice_面试题.cpp
  set_funcs.cpp
  stdlib_IO库.cpp
stdlib_IO库.cpp(403): warning C4305: “初始化”: 从“double”到“float”截断
  stdlib_工具库.cpp
  stdlib_数值库.cpp
stdlib_数值库.cpp(276): warning C4244: “参数”: 从“time_t”转换到“unsigned int”，可能丢失数据
  stdlib_正则表达式.cpp
  stdlib_类型支持库.cpp
stdlib_类型支持库.cpp(234): warning C4101: “t”: 未引用的局部变量
  stdlib_线程支持库.cpp
  STL_iterator迭代器.cpp
  STL_list双向链表.cpp
  STL_map键值对集合.cpp
  STL_set键集合.cpp
STL_set键集合.cpp(245): warning C4101: “btp”: 未引用的局部变量
  STL_容器适配器.cpp
  STL_算法库.cpp
  正在编译...
  STL_线性容器.cpp
STL_线性容器.cpp(282): warning C4018: “<=”: 有符号/无符号不匹配
  syntax_关键字.cpp
  syntax_几个特殊运算符.cpp
syntax_几个特殊运算符.cpp(145): warning C4101: “arri”: 未引用的局部变量
syntax_几个特殊运算符.cpp(152): warning C4101: “pv”: 未引用的局部变量
syntax_几个特殊运算符.cpp(150): warning C4101: “pi”: 未引用的局部变量
syntax_几个特殊运算符.cpp(151): warning C4101: “pd”: 未引用的局部变量
  syntax_基本语句_新增语句.cpp
  syntax_类型转换.cpp
  syntax_表达式.cpp
  syntax_重载运算符.cpp
  UP_内存管理.cpp
UP_内存管理.cpp(239): warning C4101: “pc”: 未引用的局部变量
UP_内存管理.cpp(237): warning C4101: “i1”: 未引用的局部变量
UP_内存管理.cpp(315): warning C4305: “初始化”: 从“double”到“float”截断
  UP_动态库、静态库.cpp
  UP_断言.cpp
  UP_预处理指令.cpp
  暂时无法分类的笔记.cpp
  正在生成代码
d:\workstation\gitrepositories\cppstudy\cppstudy\syntax_重载运算符.cpp(123): warning C4172: 
d:\workstation\gitrepositories\cppstudy\cppstudy\syntax_重载运算符.cpp(134): warning C4172: 返回局部变量或临时变量的地址: temp
  All 3145 functions were compiled because no usable IPDB/IOBJ from previous compilation was found.
  已完成代码的生成
  CppStudy.vcxproj -> D:\workstation\gitRepositories\CppStudy\Release\CppStudy.exe
  CppStudy.vcxproj -> D:\workstation\gitRepositories\CppStudy\Release\CppStudy.pdb (Full PDB)
